<?xml version="1.0" encoding="UTF-8"?>
<testng-results skipped="0" failed="0" total="1" passed="1">
  <reporter-output>
  </reporter-output>
  <suite name="Rest Smoke Tests" duration-ms="4273" started-at="2016-05-30T14:40:25Z" finished-at="2016-05-30T14:40:30Z">
    <groups>
    </groups>
    <test name="Rest Smoke Tests" duration-ms="4273" started-at="2016-05-30T14:40:25Z" finished-at="2016-05-30T14:40:30Z">
      <class name="com.testing.Tests.REST.RestForm">
        <test-method status="PASS" signature="createBuild()[pri:0, instance:com.testing.Tests.REST.RestForm@1f3f4916]" name="createBuild" is-config="true" duration-ms="31" started-at="2016-05-30T16:40:25Z" finished-at="2016-05-30T16:40:25Z">
          <reporter-output>
          </reporter-output>
        </test-method> <!-- createBuild -->
        <test-method status="PASS" signature="saveNewRestForm(org.testng.ITestContext)[pri:0, instance:com.testing.Tests.REST.RestForm@1f3f4916]" name="saveNewRestForm" duration-ms="1409" started-at="2016-05-30T16:40:25Z" finished-at="2016-05-30T16:40:27Z">
          <params>
            <param index="0">
              <value>
                <![CDATA[org.testng.TestRunner@3c0fbd3a]]>
              </value>
            </param>
          </params>
          <reporter-output>
          </reporter-output>
        </test-method> <!-- saveNewRestForm -->
        <test-method status="PASS" signature="beforeMethod(java.lang.reflect.Method)[pri:0, instance:com.testing.Tests.REST.RestForm@1f3f4916]" name="beforeMethod" is-config="true" duration-ms="0" started-at="2016-05-30T16:40:25Z" finished-at="2016-05-30T16:40:25Z">
          <params>
            <param index="0">
              <value>
                <![CDATA[public void com.testing.Tests.REST.RestForm.saveNewRestForm(org.testng.ITestContext) throws java.lang.InterruptedException,java.lang.Exception]]>
              </value>
            </param>
          </params>
          <reporter-output>
          </reporter-output>
        </test-method> <!-- beforeMethod -->
        <test-method status="PASS" signature="createExecutionReport()[pri:0, instance:com.testing.Tests.REST.RestForm@1f3f4916]" name="createExecutionReport" is-config="true" duration-ms="2846" started-at="2016-05-30T16:40:27Z" finished-at="2016-05-30T16:40:30Z">
          <reporter-output>
          </reporter-output>
        </test-method> <!-- createExecutionReport -->
      </class> <!-- com.testing.Tests.REST.RestForm -->
    </test> <!-- Rest Smoke Tests -->
  </suite> <!-- Rest Smoke Tests -->
</testng-results>
